C:\USERS\Татьяна\DOCUMENTS\VISUAL STUDIO 2015\PROJECTS\BATTLESHIP\BATTLESHIP\DEBUG\BATTLEFIELD.OBJ
C:\USERS\Татьяна\DOCUMENTS\VISUAL STUDIO 2015\PROJECTS\BATTLESHIP\BATTLESHIP\DEBUG\POSITION.OBJ
C:\USERS\Татьяна\DOCUMENTS\VISUAL STUDIO 2015\PROJECTS\BATTLESHIP\BATTLESHIP\DEBUG\SHIP.OBJ
C:\USERS\Татьяна\DOCUMENTS\VISUAL STUDIO 2015\PROJECTS\BATTLESHIP\BATTLESHIP\DEBUG\WAITTIME.OBJ
C:\USERS\ТАТЬЯНА\DOCUMENTS\VISUAL STUDIO 2015\PROJECTS\BATTLESHIP\BATTLESHIP\DEBUG\VC110.PDB
C:\USERS\Татьяна\DOCUMENTS\VISUAL STUDIO 2015\PROJECTS\BATTLESHIP\BATTLESHIP\DEBUG\BATTLESHIPMAIN.OBJ
C:\USERS\Татьяна\DOCUMENTS\VISUAL STUDIO 2015\PROJECTS\BATTLESHIP\BATTLESHIP\DEBUG\GAMELOGIC.OBJ
C:\Users\Татьяна\documents\visual studio 2015\Projects\Battleship\Battleship\Debug\Battlefield.obj
C:\Users\Татьяна\documents\visual studio 2015\Projects\Battleship\Battleship\Debug\BattleshipMain.obj
C:\Users\Татьяна\documents\visual studio 2015\Projects\Battleship\Battleship\Debug\GameLogic.obj
C:\Users\Татьяна\documents\visual studio 2015\Projects\Battleship\Battleship\Debug\Position.obj
C:\Users\Татьяна\documents\visual studio 2015\Projects\Battleship\Battleship\Debug\Ship.obj
C:\Users\Татьяна\documents\visual studio 2015\Projects\Battleship\Battleship\Debug\WaitTime.obj
C:\Users\Татьяна\documents\visual studio 2015\Projects\Battleship\Battleship\Debug\cl.command.1.tlog
C:\Users\Татьяна\documents\visual studio 2015\Projects\Battleship\Battleship\Debug\CL.read.1.tlog
C:\Users\Татьяна\documents\visual studio 2015\Projects\Battleship\Battleship\Debug\CL.write.1.tlog
C:\Users\Татьяна\documents\visual studio 2015\Projects\Battleship\Battleship\Debug\link-cvtres.read.1.tlog
C:\Users\Татьяна\documents\visual studio 2015\Projects\Battleship\Battleship\Debug\link-cvtres.write.1.tlog
C:\Users\Татьяна\documents\visual studio 2015\Projects\Battleship\Battleship\Debug\link-rc.read.1.tlog
C:\Users\Татьяна\documents\visual studio 2015\Projects\Battleship\Battleship\Debug\link-rc.write.1.tlog
C:\Users\Татьяна\documents\visual studio 2015\Projects\Battleship\Battleship\Debug\link.15748-cvtres.read.1.tlog
C:\Users\Татьяна\documents\visual studio 2015\Projects\Battleship\Battleship\Debug\link.15748-cvtres.write.1.tlog
C:\Users\Татьяна\documents\visual studio 2015\Projects\Battleship\Battleship\Debug\link.15748-rc.read.1.tlog
C:\Users\Татьяна\documents\visual studio 2015\Projects\Battleship\Battleship\Debug\link.15748-rc.write.1.tlog
C:\Users\Татьяна\documents\visual studio 2015\Projects\Battleship\Battleship\Debug\link.15748.read.1.tlog
C:\Users\Татьяна\documents\visual studio 2015\Projects\Battleship\Battleship\Debug\link.15748.write.1.tlog
C:\Users\Татьяна\documents\visual studio 2015\Projects\Battleship\Battleship\Debug\link.3848-cvtres.read.1.tlog
C:\Users\Татьяна\documents\visual studio 2015\Projects\Battleship\Battleship\Debug\link.3848-cvtres.write.1.tlog
C:\Users\Татьяна\documents\visual studio 2015\Projects\Battleship\Battleship\Debug\link.3848-rc.read.1.tlog
C:\Users\Татьяна\documents\visual studio 2015\Projects\Battleship\Battleship\Debug\link.3848-rc.write.1.tlog
C:\Users\Татьяна\documents\visual studio 2015\Projects\Battleship\Battleship\Debug\link.3848.read.1.tlog
C:\Users\Татьяна\documents\visual studio 2015\Projects\Battleship\Battleship\Debug\link.3848.write.1.tlog
C:\Users\Татьяна\documents\visual studio 2015\Projects\Battleship\Battleship\Debug\link.command.1.tlog
C:\Users\Татьяна\documents\visual studio 2015\Projects\Battleship\Battleship\Debug\link.read.1.tlog
C:\Users\Татьяна\documents\visual studio 2015\Projects\Battleship\Battleship\Debug\link.write.1.tlog
C:\Users\Татьяна\documents\visual studio 2015\Projects\Battleship\Battleship\Debug\vc110.idb
C:\Users\Татьяна\documents\visual studio 2015\Projects\Battleship\Battleship\Debug\vc140.idb
C:\Users\Татьяна\documents\visual studio 2015\Projects\Battleship\Battleship\Debug\vc110.pdb
C:\Users\Татьяна\documents\visual studio 2015\Projects\Battleship\Battleship\Debug\vc140.pdb
C:\Users\Татьяна\documents\visual studio 2015\Projects\Battleship\Debug\Battleship.pdb
C:\Users\Татьяна\documents\visual studio 2015\Projects\Battleship\Debug\Battleship.exe
C:\Users\Татьяна\documents\visual studio 2015\Projects\Battleship\Debug\Battleship.ilk
